<?xml version="1.0" encoding="UTF-8" ?>
<testsuite errors="1" failures="0" hostname="bill-desktop" name="com.zdm.test.junit.testcase.MethodTest" tests="4" time="0.115" timestamp="2013-07-25T07:28:11">
  <properties>
[...]
</properties>
  <testcase classname="com.zdm.test.junit.testcase.MethodTest" name="bFasleTest" time="0.02">
    <error message="expected:&lt;[1]User [id=1, name=Bil...&gt; but was:&lt;[]User [id=1, name=Bil...&gt;" type="org.junit.ComparisonFailure">	at com.zdm.test.junit.testcase.MethodTest.bFasleTest(Unknown Source)
</error>
  </testcase>
  <testcase classname="com.zdm.test.junit.testcase.MethodTest" name="empty" time="0.0010" />
  <testcase classname="com.zdm.test.junit.testcase.MethodTest" name="hTest" time="0.0" />
  <testcase classname="com.zdm.test.junit.testcase.MethodTest" name="toStringTest" time="0.0060" />
  <system-out><![CDATA[@BeforeClass
before
after
before
after
before
htest
after
before
after
@AfterClass
]]></system-out>
  <system-err><![CDATA[]]></system-err>
</testsuite>
